<?xml version="1.0" encoding="UTF-8"?>
<!-- Generated by org.testng.reporters.JUnitReportReporter -->
<testsuite hostname="Lenovo" name="guru99shop.Registration" tests="1" failures="0" timestamp="29 May 2016 11:45:26 GMT" time="5.138" errors="0">
  <testcase name="testRegistration" time="5.138" classname="guru99shop.Registration"/>
</testsuite> <!-- guru99shop.Registration -->
